{"D:\\code-base\\tfl-takehome\\src\\App.tsx": {"path":"D:\\code-base\\tfl-takehome\\src\\App.tsx","statementMap":{"0":{"start":{"line":1,"column":0},"end":{"line":1,"column":33}},"1":{"start":{"line":2,"column":0},"end":{"line":2,"column":43}},"2":{"start":{"line":3,"column":0},"end":{"line":3,"column":19}},"3":{"start":{"line":6,"column":28},"end":{"line":6,"column":39}},"4":{"start":{"line":8,"column":2},"end":{"line":29,"column":4}},"5":{"start":{"line":20,"column":72},"end":{"line":20,"column":97}},"6":{"start":{"line":20,"column":87},"end":{"line":20,"column":96}},"7":{"start":{"line":32,"column":0},"end":{"line":32,"column":19}}},"fnMap":{"0":{"name":"App","decl":{"start":{"line":5,"column":9},"end":{"line":5,"column":12}},"loc":{"start":{"line":5,"column":12},"end":{"line":30,"column":1}}},"1":{"name":"(anonymous_1)","decl":{"start":{"line":20,"column":66},"end":{"line":20,"column":69}},"loc":{"start":{"line":20,"column":72},"end":{"line":20,"column":97}}},"2":{"name":"(anonymous_2)","decl":{"start":{"line":20,"column":81},"end":{"line":20,"column":84}},"loc":{"start":{"line":20,"column":87},"end":{"line":20,"column":96}}}},"branchMap":{},"s":{"0":1,"1":1,"2":1,"3":2,"4":2,"5":1,"6":1,"7":1},"f":{"0":2,"1":1,"2":1},"b":{}}
,"D:\\code-base\\tfl-takehome\\src\\main.tsx": {"path":"D:\\code-base\\tfl-takehome\\src\\main.tsx","statementMap":{"0":{"start":{"line":1,"column":0},"end":{"line":1,"column":26}},"1":{"start":{"line":2,"column":0},"end":{"line":2,"column":40}},"2":{"start":{"line":3,"column":0},"end":{"line":3,"column":24}},"3":{"start":{"line":4,"column":0},"end":{"line":4,"column":21}},"4":{"start":{"line":6,"column":0},"end":{"line":10,"column":2}}},"fnMap":{},"branchMap":{},"s":{"0":0,"1":0,"2":0,"3":0,"4":0},"f":{},"b":{}}
,"D:\\code-base\\tfl-takehome\\src\\vite-env.d.ts": {"path":"D:\\code-base\\tfl-takehome\\src\\vite-env.d.ts","statementMap":{},"fnMap":{},"branchMap":{},"s":{},"f":{},"b":{}}
}
