{"D:\\code-base\\uk-tube-line-status-react-app\\app\\src\\App.tsx": {"path":"D:\\code-base\\uk-tube-line-status-react-app\\app\\src\\App.tsx","statementMap":{"0":{"start":{"line":1,"column":0},"end":{"line":1,"column":53}},"1":{"start":{"line":3,"column":0},"end":{"line":3,"column":26}},"2":{"start":{"line":4,"column":0},"end":{"line":4,"column":47}},"3":{"start":{"line":5,"column":0},"end":{"line":5,"column":41}},"4":{"start":{"line":6,"column":0},"end":{"line":6,"column":41}},"5":{"start":{"line":7,"column":0},"end":{"line":7,"column":48}},"6":{"start":{"line":8,"column":0},"end":{"line":8,"column":45}},"7":{"start":{"line":11,"column":2},"end":{"line":25,"column":4}},"8":{"start":{"line":28,"column":0},"end":{"line":28,"column":19}}},"fnMap":{"0":{"name":"App","decl":{"start":{"line":10,"column":9},"end":{"line":10,"column":12}},"loc":{"start":{"line":10,"column":12},"end":{"line":26,"column":1}}}},"branchMap":{},"s":{"0":1,"1":1,"2":1,"3":1,"4":1,"5":1,"6":1,"7":5,"8":1},"f":{"0":5},"b":{}}
,"D:\\code-base\\uk-tube-line-status-react-app\\app\\src\\main.tsx": {"path":"D:\\code-base\\uk-tube-line-status-react-app\\app\\src\\main.tsx","statementMap":{"0":{"start":{"line":2,"column":0},"end":{"line":2,"column":40}},"1":{"start":{"line":3,"column":0},"end":{"line":3,"column":24}},"2":{"start":{"line":5,"column":0},"end":{"line":9,"column":2}}},"fnMap":{},"branchMap":{},"s":{"0":0,"1":0,"2":0},"f":{},"b":{}}
,"D:\\code-base\\uk-tube-line-status-react-app\\app\\src\\vite-env.d.ts": {"path":"D:\\code-base\\uk-tube-line-status-react-app\\app\\src\\vite-env.d.ts","statementMap":{},"fnMap":{},"branchMap":{},"s":{},"f":{},"b":{}}
,"D:\\code-base\\uk-tube-line-status-react-app\\app\\src\\__test__\\mockData.ts": {"path":"D:\\code-base\\uk-tube-line-status-react-app\\app\\src\\__test__\\mockData.ts","statementMap":{"0":{"start":{"line":1,"column":18},"end":{"line":1,"column":28}},"1":{"start":{"line":460,"column":19},"end":{"line":460,"column":28}},"2":{"start":{"line":2,"column":20},"end":{"line":2,"column":30}},"3":{"start":{"line":460,"column":30},"end":{"line":460,"column":41}},"4":{"start":{"line":3,"column":17},"end":{"line":459,"column":2}},"5":{"start":{"line":460,"column":9},"end":{"line":460,"column":17}}},"fnMap":{},"branchMap":{},"s":{"0":1,"1":1,"2":1,"3":1,"4":1,"5":1},"f":{},"b":{}}
,"D:\\code-base\\uk-tube-line-status-react-app\\app\\src\\components\\Button.tsx": {"path":"D:\\code-base\\uk-tube-line-status-react-app\\app\\src\\components\\Button.tsx","statementMap":{"0":{"start":{"line":6,"column":38},"end":{"line":6,"column":43}},"1":{"start":{"line":7,"column":2},"end":{"line":7,"column":53}},"2":{"start":{"line":10,"column":0},"end":{"line":10,"column":22}}},"fnMap":{"0":{"name":"Button","decl":{"start":{"line":5,"column":9},"end":{"line":5,"column":15}},"loc":{"start":{"line":5,"column":34},"end":{"line":8,"column":1}}}},"branchMap":{},"s":{"0":11,"1":11,"2":1},"f":{"0":11},"b":{}}
,"D:\\code-base\\uk-tube-line-status-react-app\\app\\src\\components\\ErrorPage.tsx": {"path":"D:\\code-base\\uk-tube-line-status-react-app\\app\\src\\components\\ErrorPage.tsx","statementMap":{"0":{"start":{"line":1,"column":0},"end":{"line":1,"column":30}},"1":{"start":{"line":4,"column":2},"end":{"line":11,"column":4}},"2":{"start":{"line":7,"column":68},"end":{"line":7,"column":92}},"3":{"start":{"line":13,"column":0},"end":{"line":13,"column":25}}},"fnMap":{"0":{"name":"ErrorPage","decl":{"start":{"line":3,"column":9},"end":{"line":3,"column":18}},"loc":{"start":{"line":3,"column":18},"end":{"line":12,"column":1}}},"1":{"name":"(anonymous_1)","decl":{"start":{"line":7,"column":62},"end":{"line":7,"column":65}},"loc":{"start":{"line":7,"column":68},"end":{"line":7,"column":92}}}},"branchMap":{},"s":{"0":1,"1":0,"2":0,"3":1},"f":{"0":0,"1":0},"b":{}}
,"D:\\code-base\\uk-tube-line-status-react-app\\app\\src\\components\\Footer.tsx": {"path":"D:\\code-base\\uk-tube-line-status-react-app\\app\\src\\components\\Footer.tsx","statementMap":{"0":{"start":{"line":1,"column":0},"end":{"line":1,"column":54}},"1":{"start":{"line":4,"column":2},"end":{"line":19,"column":4}},"2":{"start":{"line":22,"column":0},"end":{"line":22,"column":22}}},"fnMap":{"0":{"name":"Footer","decl":{"start":{"line":3,"column":9},"end":{"line":3,"column":15}},"loc":{"start":{"line":3,"column":15},"end":{"line":20,"column":1}}}},"branchMap":{},"s":{"0":1,"1":4,"2":1},"f":{"0":4},"b":{}}
,"D:\\code-base\\uk-tube-line-status-react-app\\app\\src\\components\\Header.tsx": {"path":"D:\\code-base\\uk-tube-line-status-react-app\\app\\src\\components\\Header.tsx","statementMap":{"0":{"start":{"line":1,"column":0},"end":{"line":1,"column":54}},"1":{"start":{"line":4,"column":2},"end":{"line":21,"column":4}},"2":{"start":{"line":23,"column":0},"end":{"line":23,"column":22}}},"fnMap":{"0":{"name":"Header","decl":{"start":{"line":3,"column":9},"end":{"line":3,"column":15}},"loc":{"start":{"line":3,"column":15},"end":{"line":22,"column":1}}}},"branchMap":{},"s":{"0":1,"1":4,"2":1},"f":{"0":4},"b":{}}
,"D:\\code-base\\uk-tube-line-status-react-app\\app\\src\\components\\Icon.tsx": {"path":"D:\\code-base\\uk-tube-line-status-react-app\\app\\src\\components\\Icon.tsx","statementMap":{"0":{"start":{"line":4,"column":2},"end":{"line":14,"column":4}},"1":{"start":{"line":17,"column":0},"end":{"line":17,"column":20}}},"fnMap":{"0":{"name":"Icon","decl":{"start":{"line":3,"column":9},"end":{"line":3,"column":13}},"loc":{"start":{"line":3,"column":42},"end":{"line":15,"column":1}}}},"branchMap":{},"s":{"0":11,"1":1},"f":{"0":11},"b":{}}
,"D:\\code-base\\uk-tube-line-status-react-app\\app\\src\\constans\\index.ts": {"path":"D:\\code-base\\uk-tube-line-status-react-app\\app\\src\\constans\\index.ts","statementMap":{"0":{"start":{"line":1,"column":29},"end":{"line":13,"column":2}},"1":{"start":{"line":34,"column":9},"end":{"line":34,"column":29}},"2":{"start":{"line":14,"column":24},"end":{"line":24,"column":2}},"3":{"start":{"line":34,"column":31},"end":{"line":34,"column":46}},"4":{"start":{"line":25,"column":15},"end":{"line":31,"column":2}},"5":{"start":{"line":34,"column":48},"end":{"line":34,"column":54}},"6":{"start":{"line":33,"column":32},"end":{"line":33,"column":33}},"7":{"start":{"line":34,"column":56},"end":{"line":34,"column":79}}},"fnMap":{},"branchMap":{},"s":{"0":1,"1":1,"2":1,"3":1,"4":1,"5":1,"6":1,"7":1},"f":{},"b":{}}
,"D:\\code-base\\uk-tube-line-status-react-app\\app\\src\\pages\\tubeStatus\\index.tsx": {"path":"D:\\code-base\\uk-tube-line-status-react-app\\app\\src\\pages\\tubeStatus\\index.tsx","statementMap":{"0":{"start":{"line":1,"column":0},"end":{"line":1,"column":44}},"1":{"start":{"line":2,"column":0},"end":{"line":2,"column":34}},"2":{"start":{"line":3,"column":0},"end":{"line":3,"column":44}},"3":{"start":{"line":4,"column":0},"end":{"line":4,"column":61}},"4":{"start":{"line":6,"column":0},"end":{"line":6,"column":82}},"5":{"start":{"line":9,"column":30},"end":{"line":9,"column":62}},"6":{"start":{"line":11,"column":33},"end":{"line":14,"column":4}},"7":{"start":{"line":16,"column":2},"end":{"line":21,"column":16}},"8":{"start":{"line":17,"column":4},"end":{"line":20,"column":null}},"9":{"start":{"line":18,"column":18},"end":{"line":18,"column":72}},"10":{"start":{"line":19,"column":6},"end":{"line":19,"column":21}},"11":{"start":{"line":23,"column":2},"end":{"line":67,"column":4}},"12":{"start":{"line":38,"column":14},"end":{"line":57,"column":16}},"13":{"start":{"line":45,"column":22},"end":{"line":53,"column":24}},"14":{"start":{"line":69,"column":0},"end":{"line":69,"column":30}}},"fnMap":{"0":{"name":"TubeStatusList","decl":{"start":{"line":8,"column":9},"end":{"line":8,"column":23}},"loc":{"start":{"line":8,"column":23},"end":{"line":68,"column":1}}},"1":{"name":"(anonymous_1)","decl":{"start":{"line":16,"column":12},"end":{"line":16,"column":15}},"loc":{"start":{"line":16,"column":17},"end":{"line":21,"column":3}}},"2":{"name":"(anonymous_2)","decl":{"start":{"line":37,"column":23},"end":{"line":37,"column":24}},"loc":{"start":{"line":37,"column":41},"end":{"line":58,"column":13}}},"3":{"name":"(anonymous_3)","decl":{"start":{"line":44,"column":32},"end":{"line":44,"column":33}},"loc":{"start":{"line":44,"column":41},"end":{"line":54,"column":21}}}},"branchMap":{"0":{"loc":{"start":{"line":17,"column":4},"end":{"line":20,"column":null}},"type":"if","locations":[{"start":{"line":17,"column":4},"end":{"line":20,"column":null}}]},"1":{"loc":{"start":{"line":17,"column":8},"end":{"line":17,"column":38}},"type":"binary-expr","locations":[{"start":{"line":17,"column":8},"end":{"line":17,"column":27}},{"start":{"line":17,"column":31},"end":{"line":17,"column":38}}]},"2":{"loc":{"start":{"line":31,"column":7},"end":{"line":64,"column":null}},"type":"cond-expr","locations":[{"start":{"line":32,"column":8},"end":{"line":61,"column":null}},{"start":{"line":64,"column":8},"end":{"line":64,"column":38}}]},"3":{"loc":{"start":{"line":36,"column":11},"end":{"line":60,"column":null}},"type":"cond-expr","locations":[{"start":{"line":37,"column":12},"end":{"line":58,"column":14}},{"start":{"line":60,"column":12},"end":{"line":60,"column":43}}]}},"s":{"0":1,"1":1,"2":1,"3":1,"4":1,"5":16,"6":15,"7":15,"8":8,"9":3,"10":3,"11":15,"12":2,"13":11,"14":1},"f":{"0":16,"1":8,"2":2,"3":11},"b":{"0":[3],"1":[8,7],"2":[10,5],"3":[1,9]}}
,"D:\\code-base\\uk-tube-line-status-react-app\\app\\src\\pages\\tubeStatus\\tubeList.tsx": {"path":"D:\\code-base\\uk-tube-line-status-react-app\\app\\src\\pages\\tubeStatus\\tubeList.tsx","statementMap":{"0":{"start":{"line":1,"column":0},"end":{"line":1,"column":33}},"1":{"start":{"line":2,"column":0},"end":{"line":2,"column":45}},"2":{"start":{"line":3,"column":0},"end":{"line":3,"column":41}},"3":{"start":{"line":4,"column":0},"end":{"line":4,"column":38}},"4":{"start":{"line":5,"column":0},"end":{"line":5,"column":54}},"5":{"start":{"line":7,"column":0},"end":{"line":7,"column":49}},"6":{"start":{"line":10,"column":26},"end":{"line":10,"column":41}},"7":{"start":{"line":11,"column":2},"end":{"line":33,"column":4}},"8":{"start":{"line":15,"column":10},"end":{"line":15,"column":25}},"9":{"start":{"line":35,"column":0},"end":{"line":35,"column":24}}},"fnMap":{"0":{"name":"TubeList","decl":{"start":{"line":9,"column":9},"end":{"line":9,"column":17}},"loc":{"start":{"line":9,"column":54},"end":{"line":34,"column":1}}},"1":{"name":"(anonymous_1)","decl":{"start":{"line":14,"column":17},"end":{"line":14,"column":20}},"loc":{"start":{"line":14,"column":22},"end":{"line":16,"column":9}}}},"branchMap":{"0":{"loc":{"start":{"line":28,"column":16},"end":{"line":28,"column":94}},"type":"cond-expr","locations":[{"start":{"line":28,"column":24},"end":{"line":28,"column":71}},{"start":{"line":28,"column":74},"end":{"line":28,"column":94}}]},"1":{"loc":{"start":{"line":31,"column":7},"end":{"line":31,"column":58}},"type":"cond-expr","locations":[{"start":{"line":31,"column":23},"end":{"line":31,"column":51}},{"start":{"line":31,"column":54},"end":{"line":31,"column":58}}]}},"s":{"0":1,"1":1,"2":1,"3":1,"4":1,"5":1,"6":11,"7":11,"8":0,"9":1},"f":{"0":11,"1":0},"b":{"0":[11,0],"1":[0,11]}}
,"D:\\code-base\\uk-tube-line-status-react-app\\app\\src\\pages\\tubeStatus\\tubeStatus.tsx": {"path":"D:\\code-base\\uk-tube-line-status-react-app\\app\\src\\pages\\tubeStatus\\tubeStatus.tsx","statementMap":{"0":{"start":{"line":1,"column":0},"end":{"line":1,"column":49}},"1":{"start":{"line":5,"column":2},"end":{"line":17,"column":4}},"2":{"start":{"line":19,"column":0},"end":{"line":19,"column":26}}},"fnMap":{"0":{"name":"TubeStatus","decl":{"start":{"line":4,"column":9},"end":{"line":4,"column":19}},"loc":{"start":{"line":4,"column":60},"end":{"line":18,"column":1}}}},"branchMap":{"0":{"loc":{"start":{"line":14,"column":9},"end":{"line":14,"column":54}},"type":"cond-expr","locations":[{"start":{"line":14,"column":25},"end":{"line":14,"column":47}},{"start":{"line":14,"column":50},"end":{"line":14,"column":54}}]}},"s":{"0":1,"1":0,"2":1},"f":{"0":0},"b":{"0":[0,0]}}
,"D:\\code-base\\uk-tube-line-status-react-app\\app\\src\\services\\fetch.tsx": {"path":"D:\\code-base\\uk-tube-line-status-react-app\\app\\src\\services\\fetch.tsx","statementMap":{"0":{"start":{"line":1,"column":0},"end":{"line":1,"column":44}},"1":{"start":{"line":2,"column":0},"end":{"line":2,"column":26}},"2":{"start":{"line":4,"column":0},"end":{"line":4,"column":34}},"3":{"start":{"line":6,"column":18},"end":{"line":18,"column":1}},"4":{"start":{"line":7,"column":2},"end":{"line":17,"column":null}},"5":{"start":{"line":8,"column":17},"end":{"line":12,"column":6}},"6":{"start":{"line":13,"column":29},"end":{"line":13,"column":33}},"7":{"start":{"line":14,"column":4},"end":{"line":14,"column":41}},"8":{"start":{"line":16,"column":4},"end":{"line":16,"column":17}},"9":{"start":{"line":41,"column":9},"end":{"line":41,"column":18}},"10":{"start":{"line":20,"column":17},"end":{"line":39,"column":1}},"11":{"start":{"line":21,"column":36},"end":{"line":21,"column":60}},"12":{"start":{"line":22,"column":32},"end":{"line":22,"column":47}},"13":{"start":{"line":23,"column":19},"end":{"line":23,"column":41}},"14":{"start":{"line":24,"column":2},"end":{"line":36,"column":26}},"15":{"start":{"line":25,"column":4},"end":{"line":25,"column":23}},"16":{"start":{"line":26,"column":4},"end":{"line":35,"column":7}},"17":{"start":{"line":31,"column":6},"end":{"line":34,"column":null}},"18":{"start":{"line":32,"column":8},"end":{"line":32,"column":35}},"19":{"start":{"line":33,"column":8},"end":{"line":33,"column":28}},"20":{"start":{"line":38,"column":2},"end":{"line":38,"column":32}},"21":{"start":{"line":40,"column":0},"end":{"line":40,"column":24}}},"fnMap":{"0":{"name":"(anonymous_0)","decl":{"start":{"line":6,"column":18},"end":{"line":6,"column":23}},"loc":{"start":{"line":6,"column":75},"end":{"line":18,"column":1}}},"1":{"name":"(anonymous_1)","decl":{"start":{"line":20,"column":17},"end":{"line":20,"column":18}},"loc":{"start":{"line":20,"column":73},"end":{"line":39,"column":1}}},"2":{"name":"(anonymous_2)","decl":{"start":{"line":24,"column":12},"end":{"line":24,"column":15}},"loc":{"start":{"line":24,"column":17},"end":{"line":36,"column":3}}},"3":{"name":"(anonymous_3)","decl":{"start":{"line":30,"column":12},"end":{"line":30,"column":13}},"loc":{"start":{"line":30,"column":25},"end":{"line":35,"column":5}}}},"branchMap":{"0":{"loc":{"start":{"line":14,"column":11},"end":{"line":14,"column":40}},"type":"cond-expr","locations":[{"start":{"line":14,"column":28},"end":{"line":14,"column":32}},{"start":{"line":14,"column":35},"end":{"line":14,"column":40}}]},"1":{"loc":{"start":{"line":20,"column":20},"end":{"line":20,"column":34}},"type":"default-arg","locations":[{"start":{"line":20,"column":29},"end":{"line":20,"column":34}}]},"2":{"loc":{"start":{"line":31,"column":6},"end":{"line":34,"column":null}},"type":"if","locations":[{"start":{"line":31,"column":6},"end":{"line":34,"column":null}}]},"3":{"loc":{"start":{"line":32,"column":19},"end":{"line":32,"column":33}},"type":"binary-expr","locations":[{"start":{"line":32,"column":19},"end":{"line":32,"column":27}},{"start":{"line":32,"column":31},"end":{"line":32,"column":33}}]}},"s":{"0":1,"1":1,"2":1,"3":1,"4":4,"5":4,"6":4,"7":3,"8":1,"9":1,"10":1,"11":15,"12":15,"13":15,"14":15,"15":4,"16":4,"17":4,"18":4,"19":4,"20":15,"21":1},"f":{"0":4,"1":15,"2":4,"3":4},"b":{"0":[3,0],"1":[0],"2":[4],"3":[4,0]}}
,"D:\\code-base\\uk-tube-line-status-react-app\\app\\src\\services\\helper.ts": {"path":"D:\\code-base\\uk-tube-line-status-react-app\\app\\src\\services\\helper.ts","statementMap":{"0":{"start":{"line":1,"column":0},"end":{"line":1,"column":51}},"1":{"start":{"line":4,"column":15},"end":{"line":15,"column":1}},"2":{"start":{"line":5,"column":20},"end":{"line":5,"column":22}},"3":{"start":{"line":6,"column":2},"end":{"line":12,"column":null}},"4":{"start":{"line":7,"column":4},"end":{"line":11,"column":17}},"5":{"start":{"line":9,"column":8},"end":{"line":9,"column":76}},"6":{"start":{"line":13,"column":19},"end":{"line":13,"column":110}},"7":{"start":{"line":14,"column":2},"end":{"line":14,"column":18}},"8":{"start":{"line":58,"column":9},"end":{"line":58,"column":15}},"9":{"start":{"line":17,"column":13},"end":{"line":29,"column":1}},"10":{"start":{"line":19,"column":4},"end":{"line":21,"column":null}},"11":{"start":{"line":20,"column":6},"end":{"line":20,"column":15}},"12":{"start":{"line":22,"column":4},"end":{"line":24,"column":null}},"13":{"start":{"line":23,"column":6},"end":{"line":23,"column":16}},"14":{"start":{"line":25,"column":4},"end":{"line":25,"column":13}},"15":{"start":{"line":27,"column":2},"end":{"line":27,"column":24}},"16":{"start":{"line":28,"column":2},"end":{"line":28,"column":17}},"17":{"start":{"line":58,"column":17},"end":{"line":58,"column":21}},"18":{"start":{"line":31,"column":18},"end":{"line":40,"column":1}},"19":{"start":{"line":32,"column":41},"end":{"line":32,"column":43}},"20":{"start":{"line":33,"column":2},"end":{"line":38,"column":null}},"21":{"start":{"line":34,"column":4},"end":{"line":37,"column":7}},"22":{"start":{"line":35,"column":25},"end":{"line":35,"column":40}},"23":{"start":{"line":36,"column":6},"end":{"line":36,"column":51}},"24":{"start":{"line":39,"column":2},"end":{"line":39,"column":26}},"25":{"start":{"line":58,"column":23},"end":{"line":58,"column":32}},"26":{"start":{"line":42,"column":18},"end":{"line":49,"column":1}},"27":{"start":{"line":43,"column":43},"end":{"line":43,"column":45}},"28":{"start":{"line":44,"column":2},"end":{"line":47,"column":null}},"29":{"start":{"line":44,"column":15},"end":{"line":44,"column":16}},"30":{"start":{"line":45,"column":18},"end":{"line":45,"column":47}},"31":{"start":{"line":46,"column":4},"end":{"line":46,"column":27}},"32":{"start":{"line":48,"column":2},"end":{"line":48,"column":20}},"33":{"start":{"line":58,"column":34},"end":{"line":58,"column":43}},"34":{"start":{"line":51,"column":22},"end":{"line":57,"column":1}},"35":{"start":{"line":52,"column":20},"end":{"line":52,"column":34}},"36":{"start":{"line":53,"column":17},"end":{"line":55,"column":4}},"37":{"start":{"line":54,"column":4},"end":{"line":54,"column":31}},"38":{"start":{"line":56,"column":2},"end":{"line":56,"column":36}},"39":{"start":{"line":58,"column":45},"end":{"line":58,"column":58}}},"fnMap":{"0":{"name":"(anonymous_0)","decl":{"start":{"line":4,"column":15},"end":{"line":4,"column":16}},"loc":{"start":{"line":4,"column":47},"end":{"line":15,"column":1}}},"1":{"name":"(anonymous_1)","decl":{"start":{"line":8,"column":11},"end":{"line":8,"column":21}},"loc":{"start":{"line":8,"column":22},"end":{"line":10,"column":7}}},"2":{"name":"(anonymous_2)","decl":{"start":{"line":17,"column":13},"end":{"line":17,"column":14}},"loc":{"start":{"line":17,"column":45},"end":{"line":29,"column":1}}},"3":{"name":"compare","decl":{"start":{"line":18,"column":11},"end":{"line":18,"column":18}},"loc":{"start":{"line":18,"column":59},"end":{"line":26,"column":3}}},"4":{"name":"(anonymous_4)","decl":{"start":{"line":31,"column":18},"end":{"line":31,"column":19}},"loc":{"start":{"line":31,"column":41},"end":{"line":40,"column":1}}},"5":{"name":"(anonymous_5)","decl":{"start":{"line":34,"column":17},"end":{"line":34,"column":18}},"loc":{"start":{"line":34,"column":48},"end":{"line":37,"column":5}}},"6":{"name":"(anonymous_6)","decl":{"start":{"line":42,"column":18},"end":{"line":42,"column":19}},"loc":{"start":{"line":42,"column":67},"end":{"line":49,"column":1}}},"7":{"name":"(anonymous_7)","decl":{"start":{"line":51,"column":22},"end":{"line":51,"column":23}},"loc":{"start":{"line":51,"column":41},"end":{"line":57,"column":1}}},"8":{"name":"(anonymous_8)","decl":{"start":{"line":53,"column":43},"end":{"line":53,"column":44}},"loc":{"start":{"line":53,"column":53},"end":{"line":55,"column":3}}}},"branchMap":{"0":{"loc":{"start":{"line":6,"column":2},"end":{"line":12,"column":null}},"type":"if","locations":[{"start":{"line":6,"column":2},"end":{"line":12,"column":null}}]},"1":{"loc":{"start":{"line":19,"column":4},"end":{"line":21,"column":null}},"type":"if","locations":[{"start":{"line":19,"column":4},"end":{"line":21,"column":null}}]},"2":{"loc":{"start":{"line":22,"column":4},"end":{"line":24,"column":null}},"type":"if","locations":[{"start":{"line":22,"column":4},"end":{"line":24,"column":null}}]},"3":{"loc":{"start":{"line":33,"column":2},"end":{"line":38,"column":null}},"type":"if","locations":[{"start":{"line":33,"column":2},"end":{"line":38,"column":null}}]},"4":{"loc":{"start":{"line":56,"column":9},"end":{"line":56,"column":35}},"type":"binary-expr","locations":[{"start":{"line":56,"column":9},"end":{"line":56,"column":22}},{"start":{"line":56,"column":26},"end":{"line":56,"column":35}}]}},"s":{"0":1,"1":1,"2":15,"3":15,"4":0,"5":0,"6":15,"7":15,"8":1,"9":1,"10":52,"11":4,"12":48,"13":22,"14":26,"15":3,"16":3,"17":1,"18":1,"19":3,"20":3,"21":2,"22":22,"23":22,"24":3,"25":1,"26":1,"27":3,"28":3,"29":3,"30":4,"31":4,"32":3,"33":1,"34":1,"35":11,"36":11,"37":66,"38":11,"39":1},"f":{"0":15,"1":0,"2":3,"3":52,"4":3,"5":22,"6":3,"7":11,"8":66},"b":{"0":[0],"1":[4],"2":[22],"3":[2],"4":[11,0]}}
}
