TN:
SF:src\App.tsx
FN:10,App
FNF:1
FNH:1
FNDA:5,App
DA:1,1
DA:3,1
DA:4,1
DA:5,1
DA:6,1
DA:7,1
DA:8,1
DA:11,5
DA:28,1
LF:9
LH:9
BRF:0
BRH:0
end_of_record
TN:
SF:src\main.tsx
FNF:0
FNH:0
DA:2,0
DA:3,0
DA:5,0
LF:3
LH:0
BRF:0
BRH:0
end_of_record
TN:
SF:src\vite-env.d.ts
FNF:0
FNH:0
LF:0
LH:0
BRF:0
BRH:0
end_of_record
TN:
SF:src\__test__\mockData.ts
FNF:0
FNH:0
DA:1,1
DA:2,1
DA:3,1
DA:460,1
LF:4
LH:4
BRF:0
BRH:0
end_of_record
TN:
SF:src\components\Button.tsx
FN:5,Button
FNF:1
FNH:1
FNDA:11,Button
DA:6,11
DA:7,11
DA:10,1
LF:3
LH:3
BRF:0
BRH:0
end_of_record
TN:
SF:src\components\ErrorPage.tsx
FN:3,ErrorPage
FN:7,(anonymous_1)
FNF:2
FNH:0
FNDA:0,ErrorPage
FNDA:0,(anonymous_1)
DA:1,1
DA:4,0
DA:7,0
DA:13,1
LF:4
LH:2
BRF:0
BRH:0
end_of_record
TN:
SF:src\components\Footer.tsx
FN:3,Footer
FNF:1
FNH:1
FNDA:4,Footer
DA:1,1
DA:4,4
DA:22,1
LF:3
LH:3
BRF:0
BRH:0
end_of_record
TN:
SF:src\components\Header.tsx
FN:3,Header
FNF:1
FNH:1
FNDA:4,Header
DA:1,1
DA:4,4
DA:23,1
LF:3
LH:3
BRF:0
BRH:0
end_of_record
TN:
SF:src\components\Icon.tsx
FN:3,Icon
FNF:1
FNH:1
FNDA:11,Icon
DA:4,11
DA:17,1
LF:2
LH:2
BRF:0
BRH:0
end_of_record
TN:
SF:src\constans\index.ts
FNF:0
FNH:0
DA:1,1
DA:14,1
DA:25,1
DA:33,1
DA:34,1
LF:5
LH:5
BRF:0
BRH:0
end_of_record
TN:
SF:src\pages\tubeStatus\index.tsx
FN:8,TubeStatusList
FN:16,(anonymous_1)
FN:37,(anonymous_2)
FN:44,(anonymous_3)
FNF:4
FNH:4
FNDA:16,TubeStatusList
FNDA:8,(anonymous_1)
FNDA:2,(anonymous_2)
FNDA:11,(anonymous_3)
DA:1,1
DA:2,1
DA:3,1
DA:4,1
DA:6,1
DA:9,16
DA:11,15
DA:16,15
DA:17,8
DA:18,3
DA:19,3
DA:23,15
DA:38,2
DA:45,11
DA:69,1
LF:15
LH:15
BRDA:17,0,0,3
BRDA:17,1,0,8
BRDA:17,1,1,7
BRDA:31,2,0,10
BRDA:31,2,1,5
BRDA:36,3,0,1
BRDA:36,3,1,9
BRF:7
BRH:7
end_of_record
TN:
SF:src\pages\tubeStatus\tubeList.tsx
FN:9,TubeList
FN:14,(anonymous_1)
FNF:2
FNH:1
FNDA:11,TubeList
FNDA:0,(anonymous_1)
DA:1,1
DA:2,1
DA:3,1
DA:4,1
DA:5,1
DA:7,1
DA:10,11
DA:11,11
DA:15,0
DA:35,1
LF:10
LH:9
BRDA:28,0,0,11
BRDA:28,0,1,0
BRDA:31,1,0,0
BRDA:31,1,1,11
BRF:4
BRH:2
end_of_record
TN:
SF:src\pages\tubeStatus\tubeStatus.tsx
FN:4,TubeStatus
FNF:1
FNH:0
FNDA:0,TubeStatus
DA:1,1
DA:5,0
DA:19,1
LF:3
LH:2
BRDA:14,0,0,0
BRDA:14,0,1,0
BRF:2
BRH:0
end_of_record
TN:
SF:src\services\fetch.tsx
FN:6,(anonymous_0)
FN:20,(anonymous_1)
FN:24,(anonymous_2)
FN:30,(anonymous_3)
FNF:4
FNH:4
FNDA:4,(anonymous_0)
FNDA:15,(anonymous_1)
FNDA:4,(anonymous_2)
FNDA:4,(anonymous_3)
DA:1,1
DA:2,1
DA:4,1
DA:6,1
DA:7,4
DA:8,4
DA:13,4
DA:14,3
DA:16,1
DA:20,1
DA:21,15
DA:22,15
DA:23,15
DA:24,15
DA:25,4
DA:26,4
DA:31,4
DA:32,4
DA:33,4
DA:38,15
DA:40,1
DA:41,1
LF:22
LH:22
BRDA:14,0,0,3
BRDA:14,0,1,0
BRDA:20,1,0,0
BRDA:31,2,0,4
BRDA:32,3,0,4
BRDA:32,3,1,0
BRF:6
BRH:3
end_of_record
TN:
SF:src\services\helper.ts
FN:4,(anonymous_0)
FN:8,(anonymous_1)
FN:17,(anonymous_2)
FN:18,compare
FN:31,(anonymous_4)
FN:34,(anonymous_5)
FN:42,(anonymous_6)
FN:51,(anonymous_7)
FN:53,(anonymous_8)
FNF:9
FNH:8
FNDA:15,(anonymous_0)
FNDA:0,(anonymous_1)
FNDA:3,(anonymous_2)
FNDA:52,compare
FNDA:3,(anonymous_4)
FNDA:22,(anonymous_5)
FNDA:3,(anonymous_6)
FNDA:11,(anonymous_7)
FNDA:66,(anonymous_8)
DA:1,1
DA:4,1
DA:5,15
DA:6,15
DA:7,0
DA:9,0
DA:13,15
DA:14,15
DA:17,1
DA:19,52
DA:20,4
DA:22,48
DA:23,22
DA:25,26
DA:27,3
DA:28,3
DA:31,1
DA:32,3
DA:33,3
DA:34,2
DA:35,22
DA:36,22
DA:39,3
DA:42,1
DA:43,3
DA:44,3
DA:45,4
DA:46,4
DA:48,3
DA:51,1
DA:52,11
DA:53,11
DA:54,66
DA:56,11
DA:58,1
LF:35
LH:33
BRDA:6,0,0,0
BRDA:19,1,0,4
BRDA:22,2,0,22
BRDA:33,3,0,2
BRDA:56,4,0,11
BRDA:56,4,1,0
BRF:6
BRH:4
end_of_record
