TN:
SF:src\App.tsx
FN:8,App
FNF:1
FNH:1
FNDA:5,App
DA:1,1
DA:2,1
DA:3,1
DA:4,1
DA:5,1
DA:6,1
DA:9,5
DA:26,1
LF:8
LH:8
BRF:0
BRH:0
end_of_record
TN:
SF:src\main.tsx
FNF:0
FNH:0
DA:1,0
DA:2,0
DA:4,0
LF:3
LH:0
BRF:0
BRH:0
end_of_record
TN:
SF:src\vite-env.d.ts
FNF:0
FNH:0
LF:0
LH:0
BRF:0
BRH:0
end_of_record
TN:
SF:src\__test__\mockData.ts
FNF:0
FNH:0
DA:1,4
DA:2,4
DA:3,4
DA:461,4
DA:474,4
DA:483,4
DA:493,4
LF:7
LH:7
BRF:0
BRH:0
end_of_record
TN:
SF:src\components\Button.tsx
FN:5,Button
FNF:1
FNH:1
FNDA:18,Button
DA:6,18
DA:7,18
DA:10,4
LF:3
LH:3
BRF:0
BRH:0
end_of_record
TN:
SF:src\components\ErrorBoundary.tsx
FN:18,(anonymous_0)
FN:23,(anonymous_1)
FN:29,(anonymous_2)
FNF:3
FNH:2
FNDA:2,(anonymous_0)
FNDA:9,(anonymous_1)
FNDA:0,(anonymous_2)
DA:1,2
DA:2,2
DA:3,2
DA:14,7
DA:20,2
DA:24,9
DA:25,9
DA:26,2
DA:29,0
DA:35,7
DA:36,7
DA:40,2
LF:12
LH:11
BRDA:25,0,0,2
BRF:1
BRH:1
end_of_record
TN:
SF:src\components\Footer.tsx
FN:3,Footer
FNF:1
FNH:1
FNDA:5,Footer
DA:1,2
DA:4,5
DA:22,2
LF:3
LH:3
BRF:0
BRH:0
end_of_record
TN:
SF:src\components\Header.tsx
FN:3,Header
FNF:1
FNH:1
FNDA:5,Header
DA:1,2
DA:4,5
DA:23,2
LF:3
LH:3
BRF:0
BRH:0
end_of_record
TN:
SF:src\components\Icon.tsx
FN:3,Icon
FNF:1
FNH:1
FNDA:16,Icon
DA:4,16
DA:17,3
LF:2
LH:2
BRF:0
BRH:0
end_of_record
TN:
SF:src\constans\index.ts
FNF:0
FNH:0
DA:1,7
DA:14,7
DA:26,7
DA:35,7
DA:36,7
LF:5
LH:5
BRF:0
BRH:0
end_of_record
TN:
SF:src\pages\tubeStatus\index.tsx
FN:8,TubeStatusList
FN:16,(anonymous_1)
FN:37,(anonymous_2)
FN:44,(anonymous_3)
FNF:4
FNH:4
FNDA:16,TubeStatusList
FNDA:8,(anonymous_1)
FNDA:2,(anonymous_2)
FNDA:11,(anonymous_3)
DA:1,1
DA:2,1
DA:3,1
DA:4,1
DA:6,1
DA:9,16
DA:11,15
DA:16,15
DA:17,8
DA:18,3
DA:19,3
DA:23,15
DA:38,2
DA:45,11
DA:69,1
LF:15
LH:15
BRDA:17,0,0,3
BRDA:17,1,0,8
BRDA:17,1,1,7
BRDA:31,2,0,10
BRDA:31,2,1,5
BRDA:36,3,0,1
BRDA:36,3,1,9
BRF:7
BRH:7
end_of_record
TN:
SF:src\pages\tubeStatus\tubeDetails.tsx
FN:9,TubeDetails
FN:14,(anonymous_1)
FNF:2
FNH:2
FNDA:15,TubeDetails
FNDA:1,(anonymous_1)
DA:1,2
DA:2,2
DA:3,2
DA:4,2
DA:5,2
DA:7,2
DA:10,15
DA:11,15
DA:15,1
DA:36,2
LF:10
LH:10
BRDA:29,0,0,14
BRDA:29,0,1,1
BRDA:32,1,0,1
BRDA:32,1,1,14
BRF:4
BRH:4
end_of_record
TN:
SF:src\pages\tubeStatus\tubeStatus.tsx
FN:4,TubeStatus
FNF:1
FNH:1
FNDA:3,TubeStatus
DA:1,3
DA:5,3
DA:19,3
LF:3
LH:3
BRDA:14,0,0,1
BRDA:14,0,1,2
BRF:2
BRH:2
end_of_record
TN:
SF:src\services\fetch.tsx
FN:6,(anonymous_0)
FN:20,(anonymous_1)
FN:25,(anonymous_2)
FN:31,(anonymous_3)
FNF:4
FNH:4
FNDA:4,(anonymous_0)
FNDA:15,(anonymous_1)
FNDA:4,(anonymous_2)
FNDA:4,(anonymous_3)
DA:1,1
DA:2,1
DA:4,1
DA:6,1
DA:7,4
DA:8,4
DA:13,4
DA:14,3
DA:16,1
DA:20,1
DA:21,15
DA:22,15
DA:23,15
DA:24,15
DA:25,15
DA:26,4
DA:27,4
DA:32,4
DA:33,4
DA:34,4
DA:39,15
DA:41,1
DA:42,1
LF:23
LH:23
BRDA:14,0,0,3
BRDA:14,0,1,0
BRDA:20,1,0,0
BRDA:32,2,0,4
BRDA:33,3,0,4
BRDA:33,3,1,0
BRF:6
BRH:3
end_of_record
TN:
SF:src\services\helper.ts
FN:4,(anonymous_0)
FN:8,(anonymous_1)
FN:17,(anonymous_2)
FN:18,compare
FN:31,(anonymous_4)
FN:34,(anonymous_5)
FN:42,(anonymous_6)
FN:51,(anonymous_7)
FN:53,(anonymous_8)
FNF:9
FNH:9
FNDA:17,(anonymous_0)
FNDA:1,(anonymous_1)
FNDA:5,(anonymous_2)
FNDA:53,compare
FNDA:4,(anonymous_4)
FNDA:23,(anonymous_5)
FNDA:5,(anonymous_6)
FNDA:18,(anonymous_7)
FNDA:84,(anonymous_8)
DA:1,3
DA:4,3
DA:5,17
DA:6,17
DA:7,1
DA:9,1
DA:13,17
DA:14,17
DA:17,3
DA:19,53
DA:20,4
DA:22,49
DA:23,23
DA:25,26
DA:27,5
DA:28,5
DA:31,3
DA:32,4
DA:33,4
DA:34,3
DA:35,23
DA:36,23
DA:39,4
DA:42,3
DA:43,5
DA:44,5
DA:45,7
DA:46,7
DA:48,5
DA:51,3
DA:52,18
DA:53,18
DA:54,84
DA:56,18
DA:58,3
LF:35
LH:35
BRDA:6,0,0,1
BRDA:19,1,0,4
BRDA:22,2,0,23
BRDA:33,3,0,3
BRDA:56,4,0,18
BRDA:56,4,1,1
BRF:6
BRH:6
end_of_record
